
Started Import Process
# System Details: 
Debug Mode 		: Disabled
Operating System 	: WINNT
Software 		: nginx/1.26.1
MySQL version 		: 8.0.35
XML Reader 		: Yes
PHP Version 		: 8.2.27
PHP Max Input Vars 	: 4000
PHP Max Post Size 	: 1000M
PHP Extension GD 	: Yes
PHP Max Execution Time 	: 1200
Max Upload Size 	: 300 MB
Memory Limit 		: Current memory limit 40M. We recommend setting memory to at least 64M.
Timezone 		: 0

-----

Importing Started! - 08:05:59 UTC
---

WHY IMPORT PROCESS CAN FAIL? READ THIS - 
https://wpastra.com/docs/?p=1314&utm_source=demo-import-panel&utm_campaign=import-error&utm_medium=wp-dashboard

---

Started Import Process
# System Details: 
Debug Mode 		: Disabled
Operating System 	: WINNT
Software 		: nginx/1.26.1
MySQL version 		: 8.0.35
XML Reader 		: Yes
PHP Version 		: 8.2.27
PHP Max Input Vars 	: 4000
PHP Max Post Size 	: 1000M
PHP Extension GD 	: Yes
PHP Max Execution Time 	: 1200
Max Upload Size 	: 300 MB
Memory Limit 		: Current memory limit 40M. We recommend setting memory to at least 64M.
Timezone 		: 0

-----

Importing Started! - 08:12:22 UTC
---

WHY IMPORT PROCESS CAN FAIL? READ THIS - 
https://wpastra.com/docs/?p=1314&utm_source=demo-import-panel&utm_campaign=import-error&utm_medium=wp-dashboard

---

Flow ID 18
Flow ID 19
Flow ID 20
Flow ID 21
Flow ID 22
Flow ID 23
Started Import Process
# System Details: 
Debug Mode 		: Disabled
Operating System 	: WINNT
Software 		: nginx/1.26.1
MySQL version 		: 8.0.35
XML Reader 		: Yes
PHP Version 		: 8.2.27
PHP Max Input Vars 	: 4000
PHP Max Post Size 	: 1000M
PHP Extension GD 	: Yes
PHP Max Execution Time 	: 1200
Max Upload Size 	: 300 MB
Memory Limit 		: Current memory limit 40M. We recommend setting memory to at least 64M.
Timezone 		: 0

-----

Importing Started! - 08:14:45 UTC
---

WHY IMPORT PROCESS CAN FAIL? READ THIS - 
https://wpastra.com/docs/?p=1314&utm_source=demo-import-panel&utm_campaign=import-error&utm_medium=wp-dashboard

---

Started Import Process
# System Details: 
Debug Mode 		: Disabled
Operating System 	: WINNT
Software 		: nginx/1.26.1
MySQL version 		: 8.0.35
XML Reader 		: Yes
PHP Version 		: 8.2.27
PHP Max Input Vars 	: 4000
PHP Max Post Size 	: 1000M
PHP Extension GD 	: Yes
PHP Max Execution Time 	: 1200
Max Upload Size 	: 300 MB
Memory Limit 		: Current memory limit 40M. We recommend setting memory to at least 64M.
Timezone 		: 0

-----

Importing Started! - 08:16:44 UTC
---

WHY IMPORT PROCESS CAN FAIL? READ THIS - 
https://wpastra.com/docs/?p=1314&utm_source=demo-import-panel&utm_campaign=import-error&utm_medium=wp-dashboard

---

Started Import Process
# System Details: 
Debug Mode 		: Disabled
Operating System 	: WINNT
Software 		: nginx/1.26.1
MySQL version 		: 8.0.35
XML Reader 		: Yes
PHP Version 		: 8.2.27
PHP Max Input Vars 	: 4000
PHP Max Post Size 	: 1000M
PHP Extension GD 	: Yes
PHP Max Execution Time 	: 1200
Max Upload Size 	: 300 MB
Memory Limit 		: Current memory limit 40M. We recommend setting memory to at least 64M.
Timezone 		: 0

-----

Importing Started! - 08:16:45 UTC
---

WHY IMPORT PROCESS CAN FAIL? READ THIS - 
https://wpastra.com/docs/?p=1314&utm_source=demo-import-panel&utm_campaign=import-error&utm_medium=wp-dashboard

---

Inserted WP Form 24
Cache for Astra Addon cleared.
Batch Process Started..
Starter Templates - Importing Images for Blog name 'RabihaTour1' (1)
Started Import Process
# System Details: 
Debug Mode 		: Disabled
Operating System 	: WINNT
Software 		: nginx/1.26.1
MySQL version 		: 8.0.35
XML Reader 		: Yes
PHP Version 		: 8.2.27
PHP Max Input Vars 	: 4000
PHP Max Post Size 	: 1000M
PHP Extension GD 	: Yes
PHP Max Execution Time 	: 1200
Max Upload Size 	: 300 MB
Memory Limit 		: Current memory limit 40M. We recommend setting memory to at least 64M.
Timezone 		: 0

-----

Importing Started! - 10:23:12 UTC
---

WHY IMPORT PROCESS CAN FAIL? READ THIS - 
https://wpastra.com/docs/?p=1314&utm_source=demo-import-panel&utm_campaign=import-error&utm_medium=wp-dashboard

---

Inserted WP Form 1465
Cache for Astra Addon cleared.
Batch Process Started..
Starter Templates - Importing Images for Blog name 'RabihaTour1' (1)
Started Import Process
# System Details: 
Debug Mode 		: Disabled
Operating System 	: WINNT
Software 		: nginx/1.26.1
MySQL version 		: 8.0.35
XML Reader 		: Yes
PHP Version 		: 8.2.27
PHP Max Input Vars 	: 4000
PHP Max Post Size 	: 1000M
PHP Extension GD 	: Yes
PHP Max Execution Time 	: 1200
Max Upload Size 	: 300 MB
Memory Limit 		: Current memory limit 40M. We recommend setting memory to at least 64M.
Timezone 		: 0

-----

Importing Started! - 13:51:49 UTC
---

WHY IMPORT PROCESS CAN FAIL? READ THIS - 
https://wpastra.com/docs/?p=1314&utm_source=demo-import-panel&utm_campaign=import-error&utm_medium=wp-dashboard

---

Inserted WP Form 1587
Cache for Astra Addon cleared.
Batch Process Started..
Starter Templates - Importing Images for Blog name 'Digital Download Store' (1)
Started Import Process
# System Details: 
Debug Mode 		: Disabled
Operating System 	: WINNT
Software 		: nginx/1.26.1
MySQL version 		: 8.0.35
XML Reader 		: Yes
PHP Version 		: 8.2.27
PHP Max Input Vars 	: 4000
PHP Max Post Size 	: 1000M
PHP Extension GD 	: Yes
PHP Max Execution Time 	: 1200
Max Upload Size 	: 300 MB
Memory Limit 		: Current memory limit 40M. We recommend setting memory to at least 64M.
Timezone 		: 0

-----

Importing Started! - 14:04:46 UTC
---

WHY IMPORT PROCESS CAN FAIL? READ THIS - 
https://wpastra.com/docs/?p=1314&utm_source=demo-import-panel&utm_campaign=import-error&utm_medium=wp-dashboard

---

Cache for Astra Addon cleared.
Batch Process Started..
Starter Templates - Importing Images for Blog name 'Digital Agency' (1)
Inserted WP Form 2524
Started Import Process
# System Details: 
Debug Mode 		: Disabled
Operating System 	: WINNT
Software 		: nginx/1.26.1
MySQL version 		: 8.0.35
XML Reader 		: Yes
PHP Version 		: 8.2.27
PHP Max Input Vars 	: 4000
PHP Max Post Size 	: 1000M
PHP Extension GD 	: Yes
PHP Max Execution Time 	: 1200
Max Upload Size 	: 300 MB
Memory Limit 		: Current memory limit 40M. We recommend setting memory to at least 64M.
Timezone 		: 0

-----

Importing Started! - 14:13:43 UTC
---

WHY IMPORT PROCESS CAN FAIL? READ THIS - 
https://wpastra.com/docs/?p=1314&utm_source=demo-import-panel&utm_campaign=import-error&utm_medium=wp-dashboard

---

Started Import Process
# System Details: 
Debug Mode 		: Disabled
Operating System 	: WINNT
Software 		: nginx/1.26.1
MySQL version 		: 8.0.35
XML Reader 		: Yes
PHP Version 		: 8.2.27
PHP Max Input Vars 	: 4000
PHP Max Post Size 	: 1000M
PHP Extension GD 	: Yes
PHP Max Execution Time 	: 1200
Max Upload Size 	: 300 MB
Memory Limit 		: Current memory limit 40M. We recommend setting memory to at least 64M.
Timezone 		: 0

-----

Importing Started! - 14:21:41 UTC
---

WHY IMPORT PROCESS CAN FAIL? READ THIS - 
https://wpastra.com/docs/?p=1314&utm_source=demo-import-panel&utm_campaign=import-error&utm_medium=wp-dashboard

---

Cache for Astra Addon cleared.
Batch Process Started..
Starter Templates - Importing Images for Blog name 'Digital Agency' (1)